<?xml version="1.0" encoding="UTF-8"?>
<!-- Generated by org.testng.reporters.JUnitReportReporter -->
<testsuite hostname="TYSS-Paoja-B-S" failures="0" tests="1" name="testScripts.Script4" time="8.651" errors="0" timestamp="2024-01-19T09:44:34 IST" skipped="0">
  <testcase classname="testScripts.Script4" name="order" time="8.651"/>
  <system-out/>
</testsuite> <!-- testScripts.Script4 -->
